2026-01-18 22:45:37,353 - INFO - Telegram client initialized
2026-01-18 22:47:52,535 - INFO - Client authenticated. Scraping 4 channels...
2026-01-18 22:47:52,550 - INFO - Scraping @cheMed123...
2026-01-18 22:47:52,758 - INFO - Starting scrape of @cheMed123 (limit=5)
2026-01-18 22:48:06,999 - INFO - Finished scraping @cheMed123: 5 messages saved
2026-01-18 22:48:10,013 - INFO - Scraping @lobelia4cosmetics...
2026-01-18 22:48:10,188 - INFO - Starting scrape of @lobelia4cosmetics (limit=5)
2026-01-18 22:48:24,206 - INFO - Finished scraping @lobelia4cosmetics: 5 messages saved
2026-01-18 22:48:27,213 - INFO - Scraping @tikvahpharma...
2026-01-18 22:48:27,375 - INFO - Starting scrape of @tikvahpharma (limit=5)
2026-01-18 22:48:32,670 - INFO - Finished scraping @tikvahpharma: 5 messages saved
2026-01-18 22:48:35,686 - INFO - Scraping @tenamereja...
2026-01-18 22:48:35,854 - INFO - Starting scrape of @tenamereja (limit=5)
2026-01-18 22:48:41,410 - INFO - Finished scraping @tenamereja: 5 messages saved
2026-01-18 22:48:44,432 - INFO - Scraping complete. Total messages: 20
2026-01-18 22:48:44,437 - INFO -   @cheMed123: 5 messages
2026-01-18 22:48:44,439 - INFO -   @lobelia4cosmetics: 5 messages
2026-01-18 22:48:44,442 - INFO -   @tikvahpharma: 5 messages
2026-01-18 22:48:44,474 - INFO -   @tenamereja: 5 messages
2026-01-18 22:52:41,841 - INFO - Telegram client initialized
2026-01-18 22:52:43,403 - INFO - Client authenticated. Scraping 4 channels...
2026-01-18 22:52:43,405 - INFO - Scraping @cheMed123...
2026-01-18 22:52:43,991 - INFO - Starting scrape of @cheMed123 (limit=50)
2026-01-18 22:58:18,066 - INFO - Finished scraping @cheMed123: 50 messages saved
2026-01-18 22:58:21,084 - INFO - Scraping @lobelia4cosmetics...
2026-01-18 22:58:21,437 - INFO - Starting scrape of @lobelia4cosmetics (limit=50)
2026-01-18 23:02:59,509 - INFO - Finished scraping @lobelia4cosmetics: 50 messages saved
2026-01-18 23:03:02,521 - INFO - Scraping @tikvahpharma...
2026-01-18 23:03:02,737 - INFO - Starting scrape of @tikvahpharma (limit=50)
2026-01-18 23:06:23,905 - INFO - Finished scraping @tikvahpharma: 50 messages saved
2026-01-18 23:06:26,907 - INFO - Scraping @tenamereja...
2026-01-18 23:06:27,061 - INFO - Starting scrape of @tenamereja (limit=50)
2026-01-18 23:09:03,591 - INFO - Finished scraping @tenamereja: 50 messages saved
2026-01-18 23:09:06,625 - INFO - Scraping complete. Total messages: 200
2026-01-18 23:09:06,628 - INFO -   @cheMed123: 50 messages
2026-01-18 23:09:06,629 - INFO -   @lobelia4cosmetics: 50 messages
2026-01-18 23:09:06,630 - INFO -   @tikvahpharma: 50 messages
2026-01-18 23:09:06,630 - INFO -   @tenamereja: 50 messages
